2014/11/29 01:28:32 [warning] [application] Failed to set unsafe attribute "link" of "Menu".
in /Applications/MAMP/htdocs/suzy/admin/protected/controllers/MenuController.php (152)
in /Applications/MAMP/htdocs/suzy/admin/index.php (10)
2014/11/29 02:24:32 [warning] [application] Failed to set unsafe attribute "link" of "Menu".
in /Applications/MAMP/htdocs/suzy/admin/protected/controllers/MenuController.php (152)
in /Applications/MAMP/htdocs/suzy/admin/index.php (10)
2015/01/31 16:09:31 [error] [php] Undefined index: eximagedesc2 (/Applications/MAMP/htdocs/suzy/admin/protected/controllers/ProductController.php:218)
Stack trace:
#0 /Applications/MAMP/htdocs/yii/framework/web/actions/CInlineAction.php(47): CInlineAction->runWithParamsInternal()
#1 /Applications/MAMP/htdocs/yii/framework/web/CController.php(308): CInlineAction->runWithParams()
#2 /Applications/MAMP/htdocs/yii/framework/web/filters/CFilterChain.php(133): ProductController->runAction()
#3 /Applications/MAMP/htdocs/yii/framework/web/filters/CFilter.php(40): CFilterChain->run()
#4 /Applications/MAMP/htdocs/yii/framework/web/CController.php(1145): CAccessControlFilter->filter()
#5 /Applications/MAMP/htdocs/yii/framework/web/filters/CInlineFilter.php(58): ProductController->filterAccessControl()
#6 /Applications/MAMP/htdocs/yii/framework/web/filters/CFilterChain.php(130): CInlineFilter->filter()
#7 /Applications/MAMP/htdocs/yii/framework/web/CController.php(291): CFilterChain->run()
#8 /Applications/MAMP/htdocs/yii/framework/web/CController.php(265): ProductController->runActionWithFilters()
#9 /Applications/MAMP/htdocs/yii/framework/web/CWebApplication.php(282): ProductController->run()
#10 /Applications/MAMP/htdocs/yii/framework/web/CWebApplication.php(141): CWebApplication->runController()
#11 /Applications/MAMP/htdocs/yii/framework/base/CApplication.php(169): CWebApplication->processRequest()
#12 /Applications/MAMP/htdocs/suzy/admin/index.php(10): CWebApplication->run()
REQUEST_URI=/suzy/admin/index.php?r=product/update&id=22
in /Applications/MAMP/htdocs/suzy/admin/protected/controllers/ProductController.php (218)
in /Applications/MAMP/htdocs/suzy/admin/index.php (10)
2015/02/01 10:11:34 [error] [php] Undefined index: eximagedesc2 (/Applications/MAMP/htdocs/suzy/admin/protected/controllers/ProductController.php:218)
Stack trace:
#0 /Applications/MAMP/htdocs/yii/framework/web/actions/CInlineAction.php(47): CInlineAction->runWithParamsInternal()
#1 /Applications/MAMP/htdocs/yii/framework/web/CController.php(308): CInlineAction->runWithParams()
#2 /Applications/MAMP/htdocs/yii/framework/web/filters/CFilterChain.php(133): ProductController->runAction()
#3 /Applications/MAMP/htdocs/yii/framework/web/filters/CFilter.php(40): CFilterChain->run()
#4 /Applications/MAMP/htdocs/yii/framework/web/CController.php(1145): CAccessControlFilter->filter()
#5 /Applications/MAMP/htdocs/yii/framework/web/filters/CInlineFilter.php(58): ProductController->filterAccessControl()
#6 /Applications/MAMP/htdocs/yii/framework/web/filters/CFilterChain.php(130): CInlineFilter->filter()
#7 /Applications/MAMP/htdocs/yii/framework/web/CController.php(291): CFilterChain->run()
#8 /Applications/MAMP/htdocs/yii/framework/web/CController.php(265): ProductController->runActionWithFilters()
#9 /Applications/MAMP/htdocs/yii/framework/web/CWebApplication.php(282): ProductController->run()
#10 /Applications/MAMP/htdocs/yii/framework/web/CWebApplication.php(141): CWebApplication->runController()
#11 /Applications/MAMP/htdocs/yii/framework/base/CApplication.php(169): CWebApplication->processRequest()
#12 /Applications/MAMP/htdocs/suzy/admin/index.php(10): CWebApplication->run()
REQUEST_URI=/suzy/admin/index.php?r=product/update&id=22
in /Applications/MAMP/htdocs/suzy/admin/protected/controllers/ProductController.php (218)
in /Applications/MAMP/htdocs/suzy/admin/index.php (10)
2015/02/01 10:55:03 [error] [exception.CException] exception 'CException' with message 'CWebApplication and its behaviors do not have a method or closure named "baseUrl".' in /Applications/MAMP/htdocs/yii/framework/base/CComponent.php:265
Stack trace:
#0 /Applications/MAMP/htdocs/suzy/admin/protected/views/product/_images.php(3): CComponent->__call('baseUrl', Array)
#1 /Applications/MAMP/htdocs/suzy/admin/protected/views/product/_images.php(3): CWebApplication->baseUrl(true)
#2 /Applications/MAMP/htdocs/yii/framework/web/CBaseController.php(126): require('/Applications/M...')
#3 /Applications/MAMP/htdocs/yii/framework/web/CBaseController.php(95): CBaseController->renderInternal('/Applications/M...', Array, true)
#4 /Applications/MAMP/htdocs/yii/framework/web/CController.php(869): CBaseController->renderFile('/Applications/M...', Array, true)
#5 /Applications/MAMP/htdocs/suzy/admin/protected/views/product/update.php(20): CController->renderPartial('_images', Array, true)
#6 /Applications/MAMP/htdocs/yii/framework/web/CBaseController.php(126): require('/Applications/M...')
#7 /Applications/MAMP/htdocs/yii/framework/web/CBaseController.php(95): CBaseController->renderInternal('/Applications/M...', Array, true)
#8 /Applications/MAMP/htdocs/yii/framework/web/CController.php(869): CBaseController->renderFile('/Applications/M...', Array, true)
#9 /Applications/MAMP/htdocs/yii/framework/web/CController.php(782): CController->renderPartial('update', Array, true)
#10 /Applications/MAMP/htdocs/suzy/admin/protected/controllers/ProductController.php(379): CController->render('update', Array)
#11 [internal function]: ProductController->actionUpdate('22')
#12 /Applications/MAMP/htdocs/yii/framework/web/actions/CAction.php(108): ReflectionMethod->invokeArgs(Object(ProductController), Array)
#13 /Applications/MAMP/htdocs/yii/framework/web/actions/CInlineAction.php(47): CAction->runWithParamsInternal(Object(ProductController), Object(ReflectionMethod), Array)
#14 /Applications/MAMP/htdocs/yii/framework/web/CController.php(308): CInlineAction->runWithParams(Array)
#15 /Applications/MAMP/htdocs/yii/framework/web/filters/CFilterChain.php(133): CController->runAction(Object(CInlineAction))
#16 /Applications/MAMP/htdocs/yii/framework/web/filters/CFilter.php(40): CFilterChain->run()
#17 /Applications/MAMP/htdocs/yii/framework/web/CController.php(1145): CFilter->filter(Object(CFilterChain))
#18 /Applications/MAMP/htdocs/yii/framework/web/filters/CInlineFilter.php(58): CController->filterAccessControl(Object(CFilterChain))
#19 /Applications/MAMP/htdocs/yii/framework/web/filters/CFilterChain.php(130): CInlineFilter->filter(Object(CFilterChain))
#20 /Applications/MAMP/htdocs/yii/framework/web/CController.php(291): CFilterChain->run()
#21 /Applications/MAMP/htdocs/yii/framework/web/CController.php(265): CController->runActionWithFilters(Object(CInlineAction), Array)
#22 /Applications/MAMP/htdocs/yii/framework/web/CWebApplication.php(282): CController->run('update')
#23 /Applications/MAMP/htdocs/yii/framework/web/CWebApplication.php(141): CWebApplication->runController('product/update')
#24 /Applications/MAMP/htdocs/yii/framework/base/CApplication.php(169): CWebApplication->processRequest()
#25 /Applications/MAMP/htdocs/suzy/admin/index.php(10): CApplication->run()
#26 {main}
REQUEST_URI=/suzy/admin/index.php?r=product/update&id=22
HTTP_REFERER=http://localhost/suzy/admin/index.php?r=product/update&id=22
---
2015/05/17 12:42:41 [warning] [application] Failed to set unsafe attribute "link" of "Menu".
in /Applications/MAMP/Localhost/termodizayn/admin/protected/controllers/MenuController.php (152)
in /Applications/MAMP/Localhost/termodizayn/admin/index.php (10)
2015/05/17 12:44:02 [error] [exception.CHttpException.404] exception 'CHttpException' with message 'The requested page does not exist.' in /Applications/MAMP/Localhost/termodizayn/admin/protected/controllers/ProductController.php:417
Stack trace:
#0 /Applications/MAMP/Localhost/termodizayn/admin/protected/controllers/ProductController.php(390): ProductController->loadModel('22')
#1 [internal function]: ProductController->actionDelete('22')
#2 /Applications/MAMP/Localhost/yii/framework/web/actions/CAction.php(108): ReflectionMethod->invokeArgs(Object(ProductController), Array)
#3 /Applications/MAMP/Localhost/yii/framework/web/actions/CInlineAction.php(47): CAction->runWithParamsInternal(Object(ProductController), Object(ReflectionMethod), Array)
#4 /Applications/MAMP/Localhost/yii/framework/web/CController.php(308): CInlineAction->runWithParams(Array)
#5 /Applications/MAMP/Localhost/yii/framework/web/filters/CFilterChain.php(133): CController->runAction(Object(CInlineAction))
#6 /Applications/MAMP/Localhost/yii/framework/web/filters/CFilter.php(40): CFilterChain->run()
#7 /Applications/MAMP/Localhost/yii/framework/web/CController.php(1145): CFilter->filter(Object(CFilterChain))
#8 /Applications/MAMP/Localhost/yii/framework/web/filters/CInlineFilter.php(58): CController->filterAccessControl(Object(CFilterChain))
#9 /Applications/MAMP/Localhost/yii/framework/web/filters/CFilterChain.php(130): CInlineFilter->filter(Object(CFilterChain))
#10 /Applications/MAMP/Localhost/yii/framework/web/CController.php(291): CFilterChain->run()
#11 /Applications/MAMP/Localhost/yii/framework/web/CController.php(265): CController->runActionWithFilters(Object(CInlineAction), Array)
#12 /Applications/MAMP/Localhost/yii/framework/web/CWebApplication.php(282): CController->run('delete')
#13 /Applications/MAMP/Localhost/yii/framework/web/CWebApplication.php(141): CWebApplication->runController('product/delete')
#14 /Applications/MAMP/Localhost/yii/framework/base/CApplication.php(169): CWebApplication->processRequest()
#15 /Applications/MAMP/Localhost/termodizayn/admin/index.php(10): CApplication->run()
#16 {main}
REQUEST_URI=/termodizayn/admin/index.php?r=product%2Fdelete&id=22&ajax=yw0
HTTP_REFERER=http://localhost:8080/termodizayn/admin/index.php?r=product/index
---
2015/05/18 13:24:43 [error] [exception.CException] exception 'CException' with message 'TranslatesController and its behaviors do not have a method or closure named "actiongetmessages".' in /Applications/MAMP/Localhost/yii/framework/base/CComponent.php:265
Stack trace:
#0 /Applications/MAMP/Localhost/yii/framework/web/actions/CInlineAction.php(49): CComponent->__call('actiongetmessag...', Array)
#1 /Applications/MAMP/Localhost/yii/framework/web/actions/CInlineAction.php(49): TranslatesController->actiongetmessages()
#2 /Applications/MAMP/Localhost/yii/framework/web/CController.php(308): CInlineAction->runWithParams(Array)
#3 /Applications/MAMP/Localhost/yii/framework/web/filters/CFilterChain.php(133): CController->runAction(Object(CInlineAction))
#4 /Applications/MAMP/Localhost/yii/framework/web/filters/CFilter.php(40): CFilterChain->run()
#5 /Applications/MAMP/Localhost/yii/framework/web/CController.php(1145): CFilter->filter(Object(CFilterChain))
#6 /Applications/MAMP/Localhost/yii/framework/web/filters/CInlineFilter.php(58): CController->filterAccessControl(Object(CFilterChain))
#7 /Applications/MAMP/Localhost/yii/framework/web/filters/CFilterChain.php(130): CInlineFilter->filter(Object(CFilterChain))
#8 /Applications/MAMP/Localhost/yii/framework/web/CController.php(291): CFilterChain->run()
#9 /Applications/MAMP/Localhost/yii/framework/web/CController.php(265): CController->runActionWithFilters(Object(CInlineAction), Array)
#10 /Applications/MAMP/Localhost/yii/framework/web/CWebApplication.php(282): CController->run('getmessages')
#11 /Applications/MAMP/Localhost/yii/framework/web/CWebApplication.php(141): CWebApplication->runController('translates/getm...')
#12 /Applications/MAMP/Localhost/yii/framework/base/CApplication.php(169): CWebApplication->processRequest()
#13 /Applications/MAMP/Localhost/termodizayn/admin/index.php(10): CApplication->run()
#14 {main}
REQUEST_URI=/termodizayn/admin/index.php?r=translates/getmessages
HTTP_REFERER=http://localhost:8080/termodizayn/admin/index.php?r=translates/index
---
2015/05/18 13:32:07 [error] [exception.CException] exception 'CException' with message 'CWebApplication and its behaviors do not have a method or closure named "getCommandPath".' in /Applications/MAMP/Localhost/yii/framework/base/CComponent.php:265
Stack trace:
#0 /Applications/MAMP/Localhost/yii/framework/console/CHelpCommand.php(60): CComponent->__call('getCommandPath', Array)
#1 /Applications/MAMP/Localhost/yii/framework/console/CHelpCommand.php(60): CWebApplication->getCommandPath()
#2 /Applications/MAMP/Localhost/yii/framework/console/CConsoleCommandRunner.php(67): CHelpCommand->run(Array)
#3 /Applications/MAMP/Localhost/termodizayn/admin/protected/controllers/TranslatesController.php(52): CConsoleCommandRunner->run(Array)
#4 /Applications/MAMP/Localhost/yii/framework/web/actions/CInlineAction.php(49): TranslatesController->actionGetmessages()
#5 /Applications/MAMP/Localhost/yii/framework/web/CController.php(308): CInlineAction->runWithParams(Array)
#6 /Applications/MAMP/Localhost/yii/framework/web/filters/CFilterChain.php(133): CController->runAction(Object(CInlineAction))
#7 /Applications/MAMP/Localhost/yii/framework/web/filters/CFilter.php(40): CFilterChain->run()
#8 /Applications/MAMP/Localhost/yii/framework/web/CController.php(1145): CFilter->filter(Object(CFilterChain))
#9 /Applications/MAMP/Localhost/yii/framework/web/filters/CInlineFilter.php(58): CController->filterAccessControl(Object(CFilterChain))
#10 /Applications/MAMP/Localhost/yii/framework/web/filters/CFilterChain.php(130): CInlineFilter->filter(Object(CFilterChain))
#11 /Applications/MAMP/Localhost/yii/framework/web/CController.php(291): CFilterChain->run()
#12 /Applications/MAMP/Localhost/yii/framework/web/CController.php(265): CController->runActionWithFilters(Object(CInlineAction), Array)
#13 /Applications/MAMP/Localhost/yii/framework/web/CWebApplication.php(282): CController->run('getmessages')
#14 /Applications/MAMP/Localhost/yii/framework/web/CWebApplication.php(141): CWebApplication->runController('translates/getm...')
#15 /Applications/MAMP/Localhost/yii/framework/base/CApplication.php(169): CWebApplication->processRequest()
#16 /Applications/MAMP/Localhost/termodizayn/admin/index.php(10): CApplication->run()
#17 {main}
REQUEST_URI=/termodizayn/admin/index.php?r=translates/getmessages
HTTP_REFERER=http://localhost:8080/termodizayn/admin/index.php?r=translates/index
---
2015/05/18 13:35:47 [error] [php] include(CLI.php): failed to open stream: No such file or directory (/Applications/MAMP/Localhost/yii/framework/YiiBase.php:421)
Stack trace:
#0 /Applications/MAMP/Localhost/termodizayn/protected/commands/EMessageCommand.php(672): spl_autoload_call()
#1 /Applications/MAMP/Localhost/termodizayn/protected/commands/EMessageCommand.php(317): EMessageCommand->message()
#2 unknown(0): EMessageCommand->actionMessage()
#3 /Applications/MAMP/Localhost/yii/framework/console/CConsoleCommand.php(172): ReflectionMethod->invokeArgs()
#4 /Applications/MAMP/Localhost/yii/framework/console/CConsoleCommandRunner.php(67): EMessageCommand->run()
#5 /Applications/MAMP/Localhost/termodizayn/admin/protected/controllers/TranslatesController.php(52): CConsoleCommandRunner->run()
#6 /Applications/MAMP/Localhost/yii/framework/web/actions/CInlineAction.php(49): TranslatesController->actionGetmessages()
#7 /Applications/MAMP/Localhost/yii/framework/web/CController.php(308): CInlineAction->runWithParams()
#8 /Applications/MAMP/Localhost/yii/framework/web/filters/CFilterChain.php(133): TranslatesController->runAction()
#9 /Applications/MAMP/Localhost/yii/framework/web/filters/CFilter.php(40): CFilterChain->run()
#10 /Applications/MAMP/Localhost/yii/framework/web/CController.php(1145): CAccessControlFilter->filter()
#11 /Applications/MAMP/Localhost/yii/framework/web/filters/CInlineFilter.php(58): TranslatesController->filterAccessControl()
#12 /Applications/MAMP/Localhost/yii/framework/web/filters/CFilterChain.php(130): CInlineFilter->filter()
#13 /Applications/MAMP/Localhost/yii/framework/web/CController.php(291): CFilterChain->run()
#14 /Applications/MAMP/Localhost/yii/framework/web/CController.php(265): TranslatesController->runActionWithFilters()
#15 /Applications/MAMP/Localhost/yii/framework/web/CWebApplication.php(282): TranslatesController->run()
#16 /Applications/MAMP/Localhost/yii/framework/web/CWebApplication.php(141): CWebApplication->runController()
#17 /Applications/MAMP/Localhost/yii/framework/base/CApplication.php(169): CWebApplication->processRequest()
#18 /Applications/MAMP/Localhost/termodizayn/admin/index.php(10): CWebApplication->run()
REQUEST_URI=/termodizayn/admin/index.php?r=translates/getmessages
in /Applications/MAMP/Localhost/termodizayn/protected/commands/EMessageCommand.php (672)
in /Applications/MAMP/Localhost/termodizayn/protected/commands/EMessageCommand.php (317)
in /Applications/MAMP/Localhost/termodizayn/admin/protected/controllers/TranslatesController.php (52)
2015/05/18 13:35:52 [error] [php] include(CLI.php): failed to open stream: No such file or directory (/Applications/MAMP/Localhost/yii/framework/YiiBase.php:421)
Stack trace:
#0 /Applications/MAMP/Localhost/termodizayn/protected/commands/EMessageCommand.php(670): spl_autoload_call()
#1 /Applications/MAMP/Localhost/termodizayn/protected/commands/EMessageCommand.php(315): EMessageCommand->message()
#2 unknown(0): EMessageCommand->actionMessage()
#3 /Applications/MAMP/Localhost/yii/framework/console/CConsoleCommand.php(172): ReflectionMethod->invokeArgs()
#4 /Applications/MAMP/Localhost/yii/framework/console/CConsoleCommandRunner.php(67): EMessageCommand->run()
#5 /Applications/MAMP/Localhost/termodizayn/admin/protected/controllers/TranslatesController.php(52): CConsoleCommandRunner->run()
#6 /Applications/MAMP/Localhost/yii/framework/web/actions/CInlineAction.php(49): TranslatesController->actionGetmessages()
#7 /Applications/MAMP/Localhost/yii/framework/web/CController.php(308): CInlineAction->runWithParams()
#8 /Applications/MAMP/Localhost/yii/framework/web/filters/CFilterChain.php(133): TranslatesController->runAction()
#9 /Applications/MAMP/Localhost/yii/framework/web/filters/CFilter.php(40): CFilterChain->run()
#10 /Applications/MAMP/Localhost/yii/framework/web/CController.php(1145): CAccessControlFilter->filter()
#11 /Applications/MAMP/Localhost/yii/framework/web/filters/CInlineFilter.php(58): TranslatesController->filterAccessControl()
#12 /Applications/MAMP/Localhost/yii/framework/web/filters/CFilterChain.php(130): CInlineFilter->filter()
#13 /Applications/MAMP/Localhost/yii/framework/web/CController.php(291): CFilterChain->run()
#14 /Applications/MAMP/Localhost/yii/framework/web/CController.php(265): TranslatesController->runActionWithFilters()
#15 /Applications/MAMP/Localhost/yii/framework/web/CWebApplication.php(282): TranslatesController->run()
#16 /Applications/MAMP/Localhost/yii/framework/web/CWebApplication.php(141): CWebApplication->runController()
#17 /Applications/MAMP/Localhost/yii/framework/base/CApplication.php(169): CWebApplication->processRequest()
#18 /Applications/MAMP/Localhost/termodizayn/admin/index.php(10): CWebApplication->run()
REQUEST_URI=/termodizayn/admin/index.php?r=translates/getmessages
in /Applications/MAMP/Localhost/termodizayn/protected/commands/EMessageCommand.php (670)
in /Applications/MAMP/Localhost/termodizayn/protected/commands/EMessageCommand.php (315)
in /Applications/MAMP/Localhost/termodizayn/admin/protected/controllers/TranslatesController.php (52)
2015/05/18 13:54:38 [error] [php] include(CLI.php): failed to open stream: No such file or directory (/Applications/MAMP/Localhost/yii/framework/YiiBase.php:421)
Stack trace:
#0 /Applications/MAMP/Localhost/termodizayn/protected/commands/EMessageCommand.php(688): spl_autoload_call()
#1 /Applications/MAMP/Localhost/termodizayn/protected/commands/EMessageCommand.php(315): EMessageCommand->message()
#2 unknown(0): EMessageCommand->actionMessage()
#3 /Applications/MAMP/Localhost/yii/framework/console/CConsoleCommand.php(172): ReflectionMethod->invokeArgs()
#4 /Applications/MAMP/Localhost/yii/framework/console/CConsoleCommandRunner.php(67): EMessageCommand->run()
#5 /Applications/MAMP/Localhost/termodizayn/admin/protected/controllers/TranslatesController.php(52): CConsoleCommandRunner->run()
#6 /Applications/MAMP/Localhost/yii/framework/web/actions/CInlineAction.php(49): TranslatesController->actionGetmessages()
#7 /Applications/MAMP/Localhost/yii/framework/web/CController.php(308): CInlineAction->runWithParams()
#8 /Applications/MAMP/Localhost/yii/framework/web/filters/CFilterChain.php(133): TranslatesController->runAction()
#9 /Applications/MAMP/Localhost/yii/framework/web/filters/CFilter.php(40): CFilterChain->run()
#10 /Applications/MAMP/Localhost/yii/framework/web/CController.php(1145): CAccessControlFilter->filter()
#11 /Applications/MAMP/Localhost/yii/framework/web/filters/CInlineFilter.php(58): TranslatesController->filterAccessControl()
#12 /Applications/MAMP/Localhost/yii/framework/web/filters/CFilterChain.php(130): CInlineFilter->filter()
#13 /Applications/MAMP/Localhost/yii/framework/web/CController.php(291): CFilterChain->run()
#14 /Applications/MAMP/Localhost/yii/framework/web/CController.php(265): TranslatesController->runActionWithFilters()
#15 /Applications/MAMP/Localhost/yii/framework/web/CWebApplication.php(282): TranslatesController->run()
#16 /Applications/MAMP/Localhost/yii/framework/web/CWebApplication.php(141): CWebApplication->runController()
#17 /Applications/MAMP/Localhost/yii/framework/base/CApplication.php(169): CWebApplication->processRequest()
#18 /Applications/MAMP/Localhost/termodizayn/admin/index.php(10): CWebApplication->run()
REQUEST_URI=/termodizayn/admin/index.php?r=translates/getmessages
in /Applications/MAMP/Localhost/termodizayn/protected/commands/EMessageCommand.php (688)
in /Applications/MAMP/Localhost/termodizayn/protected/commands/EMessageCommand.php (315)
in /Applications/MAMP/Localhost/termodizayn/admin/protected/controllers/TranslatesController.php (52)
2015/05/18 15:31:00 [error] [php] require(/Applications/MAMP/Localhost/termodizayn/admin/protected/controllers/../../../protected/messages/en/strings.php): failed to open stream: No such file or directory (/Applications/MAMP/Localhost/termodizayn/admin/protected/controllers/TranslatesController.php:127)
Stack trace:
#0 /Applications/MAMP/Localhost/yii/framework/web/actions/CAction.php(108): ReflectionMethod->invokeArgs()
#1 /Applications/MAMP/Localhost/yii/framework/web/actions/CInlineAction.php(47): CInlineAction->runWithParamsInternal()
#2 /Applications/MAMP/Localhost/yii/framework/web/CController.php(308): CInlineAction->runWithParams()
#3 /Applications/MAMP/Localhost/yii/framework/web/filters/CFilterChain.php(133): TranslatesController->runAction()
#4 /Applications/MAMP/Localhost/yii/framework/web/filters/CFilter.php(40): CFilterChain->run()
#5 /Applications/MAMP/Localhost/yii/framework/web/CController.php(1145): CAccessControlFilter->filter()
#6 /Applications/MAMP/Localhost/yii/framework/web/filters/CInlineFilter.php(58): TranslatesController->filterAccessControl()
#7 /Applications/MAMP/Localhost/yii/framework/web/filters/CFilterChain.php(130): CInlineFilter->filter()
#8 /Applications/MAMP/Localhost/yii/framework/web/CController.php(291): CFilterChain->run()
#9 /Applications/MAMP/Localhost/yii/framework/web/CController.php(265): TranslatesController->runActionWithFilters()
#10 /Applications/MAMP/Localhost/yii/framework/web/CWebApplication.php(282): TranslatesController->run()
#11 /Applications/MAMP/Localhost/yii/framework/web/CWebApplication.php(141): CWebApplication->runController()
#12 /Applications/MAMP/Localhost/yii/framework/base/CApplication.php(169): CWebApplication->processRequest()
#13 /Applications/MAMP/Localhost/termodizayn/admin/index.php(10): CWebApplication->run()
REQUEST_URI=/termodizayn/admin/index.php?r=translates%2Findex&lang=en
in /Applications/MAMP/Localhost/termodizayn/admin/protected/controllers/TranslatesController.php (127)
in /Applications/MAMP/Localhost/termodizayn/admin/protected/controllers/TranslatesController.php (127)
in /Applications/MAMP/Localhost/termodizayn/admin/index.php (10)
2015/05/18 15:31:03 [error] [php] require(/Applications/MAMP/Localhost/termodizayn/admin/protected/controllers/../../../protected/messages/en/strings.php): failed to open stream: No such file or directory (/Applications/MAMP/Localhost/termodizayn/admin/protected/controllers/TranslatesController.php:127)
Stack trace:
#0 /Applications/MAMP/Localhost/yii/framework/web/actions/CAction.php(108): ReflectionMethod->invokeArgs()
#1 /Applications/MAMP/Localhost/yii/framework/web/actions/CInlineAction.php(47): CInlineAction->runWithParamsInternal()
#2 /Applications/MAMP/Localhost/yii/framework/web/CController.php(308): CInlineAction->runWithParams()
#3 /Applications/MAMP/Localhost/yii/framework/web/filters/CFilterChain.php(133): TranslatesController->runAction()
#4 /Applications/MAMP/Localhost/yii/framework/web/filters/CFilter.php(40): CFilterChain->run()
#5 /Applications/MAMP/Localhost/yii/framework/web/CController.php(1145): CAccessControlFilter->filter()
#6 /Applications/MAMP/Localhost/yii/framework/web/filters/CInlineFilter.php(58): TranslatesController->filterAccessControl()
#7 /Applications/MAMP/Localhost/yii/framework/web/filters/CFilterChain.php(130): CInlineFilter->filter()
#8 /Applications/MAMP/Localhost/yii/framework/web/CController.php(291): CFilterChain->run()
#9 /Applications/MAMP/Localhost/yii/framework/web/CController.php(265): TranslatesController->runActionWithFilters()
#10 /Applications/MAMP/Localhost/yii/framework/web/CWebApplication.php(282): TranslatesController->run()
#11 /Applications/MAMP/Localhost/yii/framework/web/CWebApplication.php(141): CWebApplication->runController()
#12 /Applications/MAMP/Localhost/yii/framework/base/CApplication.php(169): CWebApplication->processRequest()
#13 /Applications/MAMP/Localhost/termodizayn/admin/index.php(10): CWebApplication->run()
REQUEST_URI=/termodizayn/admin/index.php?r=translates%2Findex&lang=en
in /Applications/MAMP/Localhost/termodizayn/admin/protected/controllers/TranslatesController.php (127)
in /Applications/MAMP/Localhost/termodizayn/admin/protected/controllers/TranslatesController.php (127)
in /Applications/MAMP/Localhost/termodizayn/admin/index.php (10)
2015/05/18 15:31:04 [error] [php] require(/Applications/MAMP/Localhost/termodizayn/admin/protected/controllers/../../../protected/messages/en/strings.php): failed to open stream: No such file or directory (/Applications/MAMP/Localhost/termodizayn/admin/protected/controllers/TranslatesController.php:127)
Stack trace:
#0 /Applications/MAMP/Localhost/yii/framework/web/actions/CAction.php(108): ReflectionMethod->invokeArgs()
#1 /Applications/MAMP/Localhost/yii/framework/web/actions/CInlineAction.php(47): CInlineAction->runWithParamsInternal()
#2 /Applications/MAMP/Localhost/yii/framework/web/CController.php(308): CInlineAction->runWithParams()
#3 /Applications/MAMP/Localhost/yii/framework/web/filters/CFilterChain.php(133): TranslatesController->runAction()
#4 /Applications/MAMP/Localhost/yii/framework/web/filters/CFilter.php(40): CFilterChain->run()
#5 /Applications/MAMP/Localhost/yii/framework/web/CController.php(1145): CAccessControlFilter->filter()
#6 /Applications/MAMP/Localhost/yii/framework/web/filters/CInlineFilter.php(58): TranslatesController->filterAccessControl()
#7 /Applications/MAMP/Localhost/yii/framework/web/filters/CFilterChain.php(130): CInlineFilter->filter()
#8 /Applications/MAMP/Localhost/yii/framework/web/CController.php(291): CFilterChain->run()
#9 /Applications/MAMP/Localhost/yii/framework/web/CController.php(265): TranslatesController->runActionWithFilters()
#10 /Applications/MAMP/Localhost/yii/framework/web/CWebApplication.php(282): TranslatesController->run()
#11 /Applications/MAMP/Localhost/yii/framework/web/CWebApplication.php(141): CWebApplication->runController()
#12 /Applications/MAMP/Localhost/yii/framework/base/CApplication.php(169): CWebApplication->processRequest()
#13 /Applications/MAMP/Localhost/termodizayn/admin/index.php(10): CWebApplication->run()
REQUEST_URI=/termodizayn/admin/index.php?r=translates%2Findex&lang=en
in /Applications/MAMP/Localhost/termodizayn/admin/protected/controllers/TranslatesController.php (127)
in /Applications/MAMP/Localhost/termodizayn/admin/protected/controllers/TranslatesController.php (127)
in /Applications/MAMP/Localhost/termodizayn/admin/index.php (10)
2015/05/18 15:32:58 [error] [php] require(/Applications/MAMP/Localhost/termodizayn/admin/protected/controllers/../../../protected/messages/en/strings.php): failed to open stream: No such file or directory (/Applications/MAMP/Localhost/termodizayn/admin/protected/controllers/TranslatesController.php:127)
Stack trace:
#0 /Applications/MAMP/Localhost/yii/framework/web/actions/CAction.php(108): ReflectionMethod->invokeArgs()
#1 /Applications/MAMP/Localhost/yii/framework/web/actions/CInlineAction.php(47): CInlineAction->runWithParamsInternal()
#2 /Applications/MAMP/Localhost/yii/framework/web/CController.php(308): CInlineAction->runWithParams()
#3 /Applications/MAMP/Localhost/yii/framework/web/filters/CFilterChain.php(133): TranslatesController->runAction()
#4 /Applications/MAMP/Localhost/yii/framework/web/filters/CFilter.php(40): CFilterChain->run()
#5 /Applications/MAMP/Localhost/yii/framework/web/CController.php(1145): CAccessControlFilter->filter()
#6 /Applications/MAMP/Localhost/yii/framework/web/filters/CInlineFilter.php(58): TranslatesController->filterAccessControl()
#7 /Applications/MAMP/Localhost/yii/framework/web/filters/CFilterChain.php(130): CInlineFilter->filter()
#8 /Applications/MAMP/Localhost/yii/framework/web/CController.php(291): CFilterChain->run()
#9 /Applications/MAMP/Localhost/yii/framework/web/CController.php(265): TranslatesController->runActionWithFilters()
#10 /Applications/MAMP/Localhost/yii/framework/web/CWebApplication.php(282): TranslatesController->run()
#11 /Applications/MAMP/Localhost/yii/framework/web/CWebApplication.php(141): CWebApplication->runController()
#12 /Applications/MAMP/Localhost/yii/framework/base/CApplication.php(169): CWebApplication->processRequest()
#13 /Applications/MAMP/Localhost/termodizayn/admin/index.php(10): CWebApplication->run()
REQUEST_URI=/termodizayn/admin/index.php?r=translates/index
in /Applications/MAMP/Localhost/termodizayn/admin/protected/controllers/TranslatesController.php (127)
in /Applications/MAMP/Localhost/termodizayn/admin/protected/controllers/TranslatesController.php (127)
in /Applications/MAMP/Localhost/termodizayn/admin/index.php (10)
2015/05/18 15:39:34 [warning] [application] Failed to set unsafe attribute "link" of "Menu".
in /Applications/MAMP/Localhost/termodizayn/admin/protected/controllers/MenuController.php (152)
in /Applications/MAMP/Localhost/termodizayn/admin/index.php (10)
2015/05/18 15:41:23 [warning] [application] Failed to set unsafe attribute "link" of "Menu".
in /Applications/MAMP/Localhost/termodizayn/admin/protected/controllers/MenuController.php (152)
in /Applications/MAMP/Localhost/termodizayn/admin/index.php (10)
2015/05/18 15:41:32 [warning] [application] Failed to set unsafe attribute "link" of "Menu".
in /Applications/MAMP/Localhost/termodizayn/admin/protected/controllers/MenuController.php (152)
in /Applications/MAMP/Localhost/termodizayn/admin/index.php (10)
2015/05/18 15:41:38 [warning] [application] Failed to set unsafe attribute "link" of "Menu".
in /Applications/MAMP/Localhost/termodizayn/admin/protected/controllers/MenuController.php (152)
in /Applications/MAMP/Localhost/termodizayn/admin/index.php (10)
2015/05/18 15:43:06 [warning] [application] Failed to set unsafe attribute "link" of "Menu".
in /Applications/MAMP/Localhost/termodizayn/admin/protected/controllers/MenuController.php (152)
in /Applications/MAMP/Localhost/termodizayn/admin/index.php (10)
2015/05/18 16:27:54 [warning] [application] Failed to set unsafe attribute "link" of "Menu".
in /Applications/MAMP/Localhost/termodizayn/admin/protected/controllers/MenuController.php (152)
in /Applications/MAMP/Localhost/termodizayn/admin/index.php (10)
2015/05/18 16:29:06 [warning] [application] Failed to set unsafe attribute "link" of "Menu".
in /Applications/MAMP/Localhost/termodizayn/admin/protected/controllers/MenuController.php (152)
in /Applications/MAMP/Localhost/termodizayn/admin/index.php (10)
2015/05/18 16:29:31 [warning] [application] Failed to set unsafe attribute "link" of "Menu".
in /Applications/MAMP/Localhost/termodizayn/admin/protected/controllers/MenuController.php (152)
in /Applications/MAMP/Localhost/termodizayn/admin/index.php (10)
2015/05/18 16:49:59 [error] [php] Cannot modify header information - headers already sent by (output started at /Applications/MAMP/Localhost/termodizayn/admin/protected/controllers/TranslatesController.php:126) (/Applications/MAMP/Localhost/yii/framework/web/CHttpRequest.php:789)
Stack trace:
#0 /Applications/MAMP/Localhost/termodizayn/admin/protected/controllers/TranslatesController.php(137): TranslatesController->redirect()
#1 unknown(0): TranslatesController->actionIndex()
#2 /Applications/MAMP/Localhost/yii/framework/web/actions/CAction.php(108): ReflectionMethod->invokeArgs()
#3 /Applications/MAMP/Localhost/yii/framework/web/actions/CInlineAction.php(47): CInlineAction->runWithParamsInternal()
#4 /Applications/MAMP/Localhost/yii/framework/web/CController.php(308): CInlineAction->runWithParams()
#5 /Applications/MAMP/Localhost/yii/framework/web/filters/CFilterChain.php(133): TranslatesController->runAction()
#6 /Applications/MAMP/Localhost/yii/framework/web/filters/CFilter.php(40): CFilterChain->run()
#7 /Applications/MAMP/Localhost/yii/framework/web/CController.php(1145): CAccessControlFilter->filter()
#8 /Applications/MAMP/Localhost/yii/framework/web/filters/CInlineFilter.php(58): TranslatesController->filterAccessControl()
#9 /Applications/MAMP/Localhost/yii/framework/web/filters/CFilterChain.php(130): CInlineFilter->filter()
#10 /Applications/MAMP/Localhost/yii/framework/web/CController.php(291): CFilterChain->run()
#11 /Applications/MAMP/Localhost/yii/framework/web/CController.php(265): TranslatesController->runActionWithFilters()
#12 /Applications/MAMP/Localhost/yii/framework/web/CWebApplication.php(282): TranslatesController->run()
#13 /Applications/MAMP/Localhost/yii/framework/web/CWebApplication.php(141): CWebApplication->runController()
#14 /Applications/MAMP/Localhost/yii/framework/base/CApplication.php(169): CWebApplication->processRequest()
#15 /Applications/MAMP/Localhost/termodizayn/admin/index.php(10): CWebApplication->run()
REQUEST_URI=/termodizayn/admin/index.php?r=translates/index
in /Applications/MAMP/Localhost/termodizayn/admin/protected/controllers/TranslatesController.php (137)
in /Applications/MAMP/Localhost/termodizayn/admin/index.php (10)
2015/05/18 19:21:29 [warning] [application] Failed to set unsafe attribute "image" of "Photos".
in /Applications/MAMP/Localhost/termodizayn/admin/protected/controllers/PhotosController.php (60)
in /Applications/MAMP/Localhost/termodizayn/admin/index.php (10)
2015/05/18 19:21:29 [error] [php] move_uploaded_file(/Applications/MAMP/Localhost/termodizayn/admin/../images/photos/85811621-31365312-24590318.jpg): failed to open stream: No such file or directory (/Applications/MAMP/Localhost/yii/framework/web/CUploadedFile.php:196)
Stack trace:
#0 /Applications/MAMP/Localhost/yii/framework/web/actions/CInlineAction.php(49): PhotosController->actionCreate()
#1 /Applications/MAMP/Localhost/yii/framework/web/CController.php(308): CInlineAction->runWithParams()
#2 /Applications/MAMP/Localhost/yii/framework/web/filters/CFilterChain.php(133): PhotosController->runAction()
#3 /Applications/MAMP/Localhost/yii/framework/web/filters/CFilter.php(40): CFilterChain->run()
#4 /Applications/MAMP/Localhost/yii/framework/web/CController.php(1145): CAccessControlFilter->filter()
#5 /Applications/MAMP/Localhost/yii/framework/web/filters/CInlineFilter.php(58): PhotosController->filterAccessControl()
#6 /Applications/MAMP/Localhost/yii/framework/web/filters/CFilterChain.php(130): CInlineFilter->filter()
#7 /Applications/MAMP/Localhost/yii/framework/web/CController.php(291): CFilterChain->run()
#8 /Applications/MAMP/Localhost/yii/framework/web/CController.php(265): PhotosController->runActionWithFilters()
#9 /Applications/MAMP/Localhost/yii/framework/web/CWebApplication.php(282): PhotosController->run()
#10 /Applications/MAMP/Localhost/yii/framework/web/CWebApplication.php(141): CWebApplication->runController()
#11 /Applications/MAMP/Localhost/yii/framework/base/CApplication.php(169): CWebApplication->processRequest()
#12 /Applications/MAMP/Localhost/termodizayn/admin/index.php(10): CWebApplication->run()
REQUEST_URI=/termodizayn/admin/index.php?r=photos/create
in /Applications/MAMP/Localhost/termodizayn/admin/protected/controllers/PhotosController.php (73)
in /Applications/MAMP/Localhost/termodizayn/admin/index.php (10)
2015/05/18 19:22:08 [warning] [application] Failed to set unsafe attribute "image" of "Photos".
in /Applications/MAMP/Localhost/termodizayn/admin/protected/controllers/PhotosController.php (60)
in /Applications/MAMP/Localhost/termodizayn/admin/index.php (10)
2015/05/18 19:22:26 [warning] [application] Failed to set unsafe attribute "image" of "Photos".
in /Applications/MAMP/Localhost/termodizayn/admin/protected/controllers/PhotosController.php (60)
in /Applications/MAMP/Localhost/termodizayn/admin/index.php (10)
2015/05/18 19:27:25 [warning] [application] Failed to set unsafe attribute "desc" of "Photos".
in /Applications/MAMP/Localhost/termodizayn/admin/protected/controllers/PhotosController.php (102)
in /Applications/MAMP/Localhost/termodizayn/admin/index.php (10)
2015/05/18 19:27:25 [warning] [application] Failed to set unsafe attribute "image" of "Photos".
in /Applications/MAMP/Localhost/termodizayn/admin/protected/controllers/PhotosController.php (102)
in /Applications/MAMP/Localhost/termodizayn/admin/index.php (10)
2015/05/18 19:44:28 [warning] [application] Failed to set unsafe attribute "image" of "Photos".
in /Applications/MAMP/Localhost/termodizayn/admin/protected/controllers/PhotosController.php (60)
in /Applications/MAMP/Localhost/termodizayn/admin/index.php (10)
2015/05/18 19:44:42 [warning] [application] Failed to set unsafe attribute "image" of "Photos".
in /Applications/MAMP/Localhost/termodizayn/admin/protected/controllers/PhotosController.php (60)
in /Applications/MAMP/Localhost/termodizayn/admin/index.php (10)
